
ROM used:   1335/8192 (16%)
            1335/8192 (16%) including unused fragments

            1.0 Average locations per line
            6.4 Average locations per statement

RAM used:   25/368 (7%) at main() level
            57/368 (15%) worst case

Stack used: 3 worst case (3 in main + 0 for interrupts)
Stack size: 8

Lines Stmts  %   Files
----- ----- ---  -----
   75    37  18  can-communication.c
   24     8   4  main.h
  671     0   0  ..\..\..\..\Program Files\PICC\Devices\16F877A.h
  157    73  35  lcd.h
  128     0   0  regs_16f87x.h
   99     0   0  regs_16.h
   99    19   9  can-communication.h
  131    70  34  can_mcp2515.h
----- -----
 1384   207 Total

Page ROM  %  RAM    Vol Diff  Functions:
---- --- --- ---    --- ----  ----------
0     20   1    1             @delay_ms1
0     41   3    0    174  1.8  SetupCommunication
0    108   8    2    897  4.3  LcdCommand
 Inline         0     37  1.1  LcdClear
0     67   5    0    581  2.4  LcdInitialize
 Inline         2    846  3.9  LcdWrite
0    128  10    4    150  4.7  WriteLCD
0     11   1    2     57  1.9  WriteLCDLine0
 Inline         2     57  1.9  WriteLCDLine1
0     14   1    2     93  3.3  ClearLCDBuffer
 Inline         1    270  2.8  CanKbhit
0     51   4    2    228  1.9  CanWrite
 Inline         5    560  6.5  CanFilter
 Inline         0    156  1.3  CanReset
0     61   5    2    300  2.9  CanRead
 Inline         0    277  1.9  CanConfig
 Inline        12    602  9.1  ReadMessage
0     80   6    0     21  1.0  SetupCan
0      4   0    0             @const941
0     13   1    1             @SPRINTF
0     86   6    4    392  5.0  @PSTRINGC7_943
 Inline         4    119  2.2  PrintVelocity
0      7   1    0             @const949
 Inline         5             @PSTRINGCN7_943
0     99   7    9    392  5.0  @PRINTF_LU_943
0     43   3    1    138  2.0  MAIN
0      6   0    0    392  5.0  @const957
0    484  36   10    250  3.5  ReadLoop
0      4   0    0    392  5.0  @const960
0      4   0    0    392  5.0  @const962
 Inline         0    392  5.0  @cinit1

Program metrics:
    Functions               26
    Statements              207
    Comments                266
    Volume (V)              14886
    Difficulty (D)          93.2
    Effort to implement (E) 1387981
    Time to implement (T)   21 hours, 25 minutes
    Est Delivered Bugs (B)  4
    Cyclomatic Complexity   13
    Maintainability (MI)    56

 Segment     Used  Free
-----------  ----  ----
00000-00003     4  0  
00004-007FF  1331  713  
00800-00FFF     0  2048  
01000-017FF     0  2048  
01800-01FFF     0  2048  



